#
# There is insufficient memory for the Java Runtime Environment to continue.
# Native memory allocation (malloc) failed to allocate 294736 bytes for Chunk::new
# Possible reasons:
#   The system is out of physical RAM or swap space
#   The process is running with CompressedOops enabled, and the Java Heap may be blocking the growth of the native heap
# Possible solutions:
#   Reduce memory load on the system
#   Increase physical memory or swap space
#   Check if swap backing store is full
#   Decrease Java heap size (-Xmx/-Xms)
#   Decrease number of Java threads
#   Decrease Java thread stack sizes (-Xss)
#   Set larger code cache with -XX:ReservedCodeCacheSize=
#   JVM is running with Unscaled Compressed Oops mode in which the Java heap is
#     placed in the first 4GB address space. The Java Heap base address is the
#     maximum limit for the native heap growth. Please use -XX:HeapBaseMinAddress
#     to set the Java Heap base and to place the Java Heap above 4GB virtual address.
# This output file may be truncated or incomplete.
#
#  Out of Memory Error (arena.cpp:168), pid=19600, tid=20336
#
# JRE version: Java(TM) SE Runtime Environment (21.0.1+12) (build 21.0.1+12-LTS-29)
# Java VM: Java HotSpot(TM) 64-Bit Server VM (21.0.1+12-LTS-29, mixed mode, sharing, tiered, compressed oops, compressed class ptrs, g1 gc, windows-amd64)
# No core dump will be written. Minidumps are not enabled by default on client versions of Windows
#

---------------  S U M M A R Y ------------

Command Line: --module-path=C:\Program Files\Java\javafx-sdk-21.0.1 --add-modules=javafx.controls,javafx.fxml -Dfile.encoding=UTF-8 -Dstdout.encoding=UTF-8 -Dstderr.encoding=UTF-8 --module-path=C:\Program Files\Java\javafx-sdk-21.0.1\lib\javafx-swt.jar;C:\Program Files\Java\javafx-sdk-21.0.1\lib\javafx.base.jar;C:\Program Files\Java\javafx-sdk-21.0.1\lib\javafx.controls.jar;C:\Program Files\Java\javafx-sdk-21.0.1\lib\javafx.fxml.jar;C:\Program Files\Java\javafx-sdk-21.0.1\lib\javafx.graphics.jar;C:\Program Files\Java\javafx-sdk-21.0.1\lib\javafx.media.jar;C:\Program Files\Java\javafx-sdk-21.0.1\lib\javafx.swing.jar;C:\Program Files\Java\javafx-sdk-21.0.1\lib\javafx.web.jar;C:\Users\ASUS\.p2\pool\plugins\org.eclipse.fx.ide.css.jfx8_3.10.0.202303150700.jar -XX:+ShowCodeDetailsInExceptionMessages application.Main

Host: Intel(R) Celeron(R) N4020 CPU @ 1.10GHz, 2 cores, 3G,  Windows 11 , 64 bit Build 22621 (10.0.22621.2506)
Time: Tue Jan  9 17:27:20 2024 GMT elapsed time: 28.314707 seconds (0d 0h 0m 28s)

---------------  T H R E A D  ---------------

Current thread (0x000001aaa53b2670):  JavaThread "C2 CompilerThread0" daemon [_thread_in_native, id=20336, stack(0x0000006d2e600000,0x0000006d2e700000) (1024K)]


Current CompileTask:
C2:  28314 3772       4       com.sun.javafx.scene.layout.RegionHelper::pickNodeLocalImpl (12 bytes)

Stack: [0x0000006d2e600000,0x0000006d2e700000]
Native frames: (J=compiled Java code, j=interpreted, Vv=VM code, C=native code)
V  [jvm.dll+0x6c9029]
V  [jvm.dll+0x854b81]
V  [jvm.dll+0x856e5e]
V  [jvm.dll+0x857543]
V  [jvm.dll+0x280c06]
V  [jvm.dll+0xc3ead]
V  [jvm.dll+0xc43c3]
V  [jvm.dll+0x3b5732]
V  [jvm.dll+0x382475]
V  [jvm.dll+0x3818ea]
V  [jvm.dll+0x249ad0]
V  [jvm.dll+0x2490b1]
V  [jvm.dll+0x1c9ca1]
V  [jvm.dll+0x2586b9]
V  [jvm.dll+0x256c9a]
V  [jvm.dll+0x3ef1b6]
V  [jvm.dll+0x7fd728]
V  [jvm.dll+0x6c777d]
C  [ucrtbase.dll+0x29363]
C  [KERNEL32.DLL+0x1257d]
C  [ntdll.dll+0x5aa58]


---------------  P R O C E S S  ---------------

Threads class SMR info:
_java_thread_list=0x000001aaa5896430, length=18, elements={
0x000001aa88aa8d80, 0x000001aa8ac9cd10, 0x000001aaa53a0910, 0x000001aaa53a5fb0,
0x000001aaa53a9020, 0x000001aaa53a8550, 0x000001aaa53af450, 0x000001aaa53b2670,
0x000001aaa53b4050, 0x000001aaa547e450, 0x000001aaa57f5be0, 0x000001aaa593c220,
0x000001aaa5993b00, 0x000001aaeb155ed0, 0x000001aaeb32d040, 0x000001aaeb29c0a0,
0x000001aaefd02e60, 0x000001aaefd04210
}

Java Threads: ( => current thread )
  0x000001aa88aa8d80 JavaThread "main"                              [_thread_blocked, id=11140, stack(0x0000006d2d800000,0x0000006d2d900000) (1024K)]
  0x000001aa8ac9cd10 JavaThread "Reference Handler"          daemon [_thread_blocked, id=20060, stack(0x0000006d2e000000,0x0000006d2e100000) (1024K)]
  0x000001aaa53a0910 JavaThread "Finalizer"                  daemon [_thread_blocked, id=7404, stack(0x0000006d2e100000,0x0000006d2e200000) (1024K)]
  0x000001aaa53a5fb0 JavaThread "Signal Dispatcher"          daemon [_thread_blocked, id=16156, stack(0x0000006d2e200000,0x0000006d2e300000) (1024K)]
  0x000001aaa53a9020 JavaThread "Attach Listener"            daemon [_thread_blocked, id=20472, stack(0x0000006d2e300000,0x0000006d2e400000) (1024K)]
  0x000001aaa53a8550 JavaThread "Service Thread"             daemon [_thread_blocked, id=16200, stack(0x0000006d2e400000,0x0000006d2e500000) (1024K)]
  0x000001aaa53af450 JavaThread "Monitor Deflation Thread"   daemon [_thread_blocked, id=19804, stack(0x0000006d2e500000,0x0000006d2e600000) (1024K)]
=>0x000001aaa53b2670 JavaThread "C2 CompilerThread0"         daemon [_thread_in_native, id=20336, stack(0x0000006d2e600000,0x0000006d2e700000) (1024K)]
  0x000001aaa53b4050 JavaThread "C1 CompilerThread0"         daemon [_thread_blocked, id=8356, stack(0x0000006d2e700000,0x0000006d2e800000) (1024K)]
  0x000001aaa547e450 JavaThread "Common-Cleaner"             daemon [_thread_blocked, id=10200, stack(0x0000006d2e800000,0x0000006d2e900000) (1024K)]
  0x000001aaa57f5be0 JavaThread "Notification Thread"        daemon [_thread_blocked, id=11840, stack(0x0000006d2ea00000,0x0000006d2eb00000) (1024K)]
  0x000001aaa593c220 JavaThread "QuantumRenderer-0"          daemon [_thread_blocked, id=14148, stack(0x0000006d2eb00000,0x0000006d2ec00000) (1024K)]
  0x000001aaa5993b00 JavaThread "InvokeLaterDispatcher"      daemon [_thread_blocked, id=16904, stack(0x0000006d2ec00000,0x0000006d2ed00000) (1024K)]
  0x000001aaeb155ed0 JavaThread "JavaFX Application Thread"         [_thread_in_native, id=14856, stack(0x0000006d2ed00000,0x0000006d2ee00000) (1024K)]
  0x000001aaeb32d040 JavaThread "Thread-1"                   daemon [_thread_in_native, id=19280, stack(0x0000006d2f000000,0x0000006d2f100000) (1024K)]
  0x000001aaeb29c0a0 JavaThread "JavaFX-Launcher"                   [_thread_blocked, id=14816, stack(0x0000006d2f100000,0x0000006d2f200000) (1024K)]
  0x000001aaefd02e60 JavaThread "Prism Font Disposer"        daemon [_thread_blocked, id=17780, stack(0x0000006d2f200000,0x0000006d2f300000) (1024K)]
  0x000001aaefd04210 JavaThread "Cleaner-0"                  daemon [_thread_blocked, id=19244, stack(0x0000006d2f600000,0x0000006d2f700000) (1024K)]
Total: 18

Other Threads:
  0x000001aa8ac85970 VMThread "VM Thread"                           [id=19604, stack(0x0000006d2df00000,0x0000006d2e000000) (1024K)]
  0x000001aaa539afb0 WatcherThread "VM Periodic Task Thread"        [id=13452, stack(0x0000006d2de00000,0x0000006d2df00000) (1024K)]
  0x000001aa8ac058d0 WorkerThread "GC Thread#0"                     [id=20344, stack(0x0000006d2d900000,0x0000006d2da00000) (1024K)]
  0x000001aaa564e6a0 WorkerThread "GC Thread#1"                     [id=20172, stack(0x0000006d2e900000,0x0000006d2ea00000) (1024K)]
  0x000001aa8ac0f960 ConcurrentGCThread "G1 Main Marker"            [id=1636, stack(0x0000006d2da00000,0x0000006d2db00000) (1024K)]
  0x000001aa8ac10db0 WorkerThread "G1 Conc#0"                       [id=9764, stack(0x0000006d2db00000,0x0000006d2dc00000) (1024K)]
  0x000001aa8ac59750 ConcurrentGCThread "G1 Refine#0"               [id=18004, stack(0x0000006d2dc00000,0x0000006d2dd00000) (1024K)]
  0x000001aa8ac5bc20 ConcurrentGCThread "G1 Service"                [id=3284, stack(0x0000006d2dd00000,0x0000006d2de00000) (1024K)]
Total: 8

Threads with active compile tasks:
C2 CompilerThread0    28378 3772       4       com.sun.javafx.scene.layout.RegionHelper::pickNodeLocalImpl (12 bytes)
Total: 1

VM state: not at safepoint (normal execution)

VM Mutex/Monitor currently owned by a thread: None

Heap address: 0x00000000c2c00000, size: 980 MB, Compressed Oops mode: 32-bit

CDS archive(s) mapped at: [0x000001aaa6000000-0x000001aaa6c90000-0x000001aaa6c90000), size 13172736, SharedBaseAddress: 0x000001aaa6000000, ArchiveRelocationMode: 1.
Compressed class space mapped at: 0x000001aaa7000000-0x000001aae7000000, reserved size: 1073741824
Narrow klass base: 0x000001aaa6000000, Narrow klass shift: 0, Narrow klass range: 0x100000000

GC Precious Log:
 CardTable entry size: 512
 Card Set container configuration: InlinePtr #cards 5 size 8 Array Of Cards #cards 12 size 40 Howl #buckets 4 coarsen threshold 1843 Howl Bitmap #cards 512 size 80 coarsen threshold 460 Card regions per heap region 1 cards per card region 2048
 CPUs: 2 total, 2 available
 Memory: 3918M
 Large Page Support: Disabled
 NUMA Support: Disabled
 Compressed Oops: Enabled (32-bit)
 Heap Region Size: 1M
 Heap Min Capacity: 8M
 Heap Initial Capacity: 62M
 Heap Max Capacity: 980M
 Pre-touch: Disabled
 Parallel Workers: 2
 Concurrent Workers: 1
 Concurrent Refinement Workers: 2
 Periodic GC: Disabled

Heap:
 garbage-first heap   total 63488K, used 17215K [0x00000000c2c00000, 0x0000000100000000)
  region size 1024K, 10 young (10240K), 4 survivors (4096K)
 Metaspace       used 18936K, committed 19264K, reserved 1114112K
  class space    used 2876K, committed 3008K, reserved 1048576K

Heap Regions: E=young(eden), S=young(survivor), O=old, HS=humongous(starts), HC=humongous(continues), CS=collection set, F=free, TAMS=top-at-mark-start, PB=parsable bottom
|   0|0x00000000c2c00000, 0x00000000c2d00000, 0x00000000c2d00000|100%| O|  |TAMS 0x00000000c2c00000| PB 0x00000000c2c00000| Untracked 
|   1|0x00000000c2d00000, 0x00000000c2e00000, 0x00000000c2e00000|100%|HS|  |TAMS 0x00000000c2d00000| PB 0x00000000c2d00000| Complete 
|   2|0x00000000c2e00000, 0x00000000c2f00000, 0x00000000c2f00000|100%|HC|  |TAMS 0x00000000c2e00000| PB 0x00000000c2e00000| Complete 
|   3|0x00000000c2f00000, 0x00000000c3000000, 0x00000000c3000000|100%| O|  |TAMS 0x00000000c2f00000| PB 0x00000000c2f00000| Untracked 
|   4|0x00000000c3000000, 0x00000000c3100000, 0x00000000c3100000|100%| O|  |TAMS 0x00000000c3000000| PB 0x00000000c3000000| Untracked 
|   5|0x00000000c3100000, 0x00000000c3200000, 0x00000000c3200000|100%| O|  |TAMS 0x00000000c3100000| PB 0x00000000c3100000| Untracked 
|   6|0x00000000c3200000, 0x00000000c3300000, 0x00000000c3300000|100%| O|  |TAMS 0x00000000c3200000| PB 0x00000000c3200000| Untracked 
|   7|0x00000000c3300000, 0x00000000c33cfd00, 0x00000000c3400000| 81%| O|  |TAMS 0x00000000c3300000| PB 0x00000000c3300000| Untracked 
|   8|0x00000000c3400000, 0x00000000c3400000, 0x00000000c3500000|  0%| F|  |TAMS 0x00000000c3400000| PB 0x00000000c3400000| Untracked 
|   9|0x00000000c3500000, 0x00000000c3500000, 0x00000000c3600000|  0%| F|  |TAMS 0x00000000c3500000| PB 0x00000000c3500000| Untracked 
|  10|0x00000000c3600000, 0x00000000c3600000, 0x00000000c3700000|  0%| F|  |TAMS 0x00000000c3600000| PB 0x00000000c3600000| Untracked 
|  11|0x00000000c3700000, 0x00000000c3700000, 0x00000000c3800000|  0%| F|  |TAMS 0x00000000c3700000| PB 0x00000000c3700000| Untracked 
|  12|0x00000000c3800000, 0x00000000c3800000, 0x00000000c3900000|  0%| F|  |TAMS 0x00000000c3800000| PB 0x00000000c3800000| Untracked 
|  13|0x00000000c3900000, 0x00000000c3900000, 0x00000000c3a00000|  0%| F|  |TAMS 0x00000000c3900000| PB 0x00000000c3900000| Untracked 
|  14|0x00000000c3a00000, 0x00000000c3a00000, 0x00000000c3b00000|  0%| F|  |TAMS 0x00000000c3a00000| PB 0x00000000c3a00000| Untracked 
|  15|0x00000000c3b00000, 0x00000000c3b00000, 0x00000000c3c00000|  0%| F|  |TAMS 0x00000000c3b00000| PB 0x00000000c3b00000| Untracked 
|  16|0x00000000c3c00000, 0x00000000c3c00000, 0x00000000c3d00000|  0%| F|  |TAMS 0x00000000c3c00000| PB 0x00000000c3c00000| Untracked 
|  17|0x00000000c3d00000, 0x00000000c3d00000, 0x00000000c3e00000|  0%| F|  |TAMS 0x00000000c3d00000| PB 0x00000000c3d00000| Untracked 
|  18|0x00000000c3e00000, 0x00000000c3e00000, 0x00000000c3f00000|  0%| F|  |TAMS 0x00000000c3e00000| PB 0x00000000c3e00000| Untracked 
|  19|0x00000000c3f00000, 0x00000000c3f00000, 0x00000000c4000000|  0%| F|  |TAMS 0x00000000c3f00000| PB 0x00000000c3f00000| Untracked 
|  20|0x00000000c4000000, 0x00000000c4000000, 0x00000000c4100000|  0%| F|  |TAMS 0x00000000c4000000| PB 0x00000000c4000000| Untracked 
|  21|0x00000000c4100000, 0x00000000c4100000, 0x00000000c4200000|  0%| F|  |TAMS 0x00000000c4100000| PB 0x00000000c4100000| Untracked 
|  22|0x00000000c4200000, 0x00000000c4200000, 0x00000000c4300000|  0%| F|  |TAMS 0x00000000c4200000| PB 0x00000000c4200000| Untracked 
|  23|0x00000000c4300000, 0x00000000c4300000, 0x00000000c4400000|  0%| F|  |TAMS 0x00000000c4300000| PB 0x00000000c4300000| Untracked 
|  24|0x00000000c4400000, 0x00000000c4400000, 0x00000000c4500000|  0%| F|  |TAMS 0x00000000c4400000| PB 0x00000000c4400000| Untracked 
|  25|0x00000000c4500000, 0x00000000c4500000, 0x00000000c4600000|  0%| F|  |TAMS 0x00000000c4500000| PB 0x00000000c4500000| Untracked 
|  26|0x00000000c4600000, 0x00000000c4700000, 0x00000000c4700000|100%| S|CS|TAMS 0x00000000c4600000| PB 0x00000000c4600000| Complete 
|  27|0x00000000c4700000, 0x00000000c4800000, 0x00000000c4800000|100%| S|CS|TAMS 0x00000000c4700000| PB 0x00000000c4700000| Complete 
|  28|0x00000000c4800000, 0x00000000c4900000, 0x00000000c4900000|100%| S|CS|TAMS 0x00000000c4800000| PB 0x00000000c4800000| Complete 
|  29|0x00000000c4900000, 0x00000000c4a00000, 0x00000000c4a00000|100%| S|CS|TAMS 0x00000000c4900000| PB 0x00000000c4900000| Complete 
|  30|0x00000000c4a00000, 0x00000000c4a00000, 0x00000000c4b00000|  0%| F|  |TAMS 0x00000000c4a00000| PB 0x00000000c4a00000| Untracked 
|  31|0x00000000c4b00000, 0x00000000c4b00000, 0x00000000c4c00000|  0%| F|  |TAMS 0x00000000c4b00000| PB 0x00000000c4b00000| Untracked 
|  32|0x00000000c4c00000, 0x00000000c4c00000, 0x00000000c4d00000|  0%| F|  |TAMS 0x00000000c4c00000| PB 0x00000000c4c00000| Untracked 
|  33|0x00000000c4d00000, 0x00000000c4d00000, 0x00000000c4e00000|  0%| F|  |TAMS 0x00000000c4d00000| PB 0x00000000c4d00000| Untracked 
|  34|0x00000000c4e00000, 0x00000000c4e00000, 0x00000000c4f00000|  0%| F|  |TAMS 0x00000000c4e00000| PB 0x00000000c4e00000| Untracked 
|  35|0x00000000c4f00000, 0x00000000c4f00000, 0x00000000c5000000|  0%| F|  |TAMS 0x00000000c4f00000| PB 0x00000000c4f00000| Untracked 
|  36|0x00000000c5000000, 0x00000000c5000000, 0x00000000c5100000|  0%| F|  |TAMS 0x00000000c5000000| PB 0x00000000c5000000| Untracked 
|  37|0x00000000c5100000, 0x00000000c5100000, 0x00000000c5200000|  0%| F|  |TAMS 0x00000000c5100000| PB 0x00000000c5100000| Untracked 
|  38|0x00000000c5200000, 0x00000000c5200000, 0x00000000c5300000|  0%| F|  |TAMS 0x00000000c5200000| PB 0x00000000c5200000| Untracked 
|  39|0x00000000c5300000, 0x00000000c5300000, 0x00000000c5400000|  0%| F|  |TAMS 0x00000000c5300000| PB 0x00000000c5300000| Untracked 
|  40|0x00000000c5400000, 0x00000000c5400000, 0x00000000c5500000|  0%| F|  |TAMS 0x00000000c5400000| PB 0x00000000c5400000| Untracked 
|  41|0x00000000c5500000, 0x00000000c5500000, 0x00000000c5600000|  0%| F|  |TAMS 0x00000000c5500000| PB 0x00000000c5500000| Untracked 
|  42|0x00000000c5600000, 0x00000000c5600000, 0x00000000c5700000|  0%| F|  |TAMS 0x00000000c5600000| PB 0x00000000c5600000| Untracked 
|  43|0x00000000c5700000, 0x00000000c5700000, 0x00000000c5800000|  0%| F|  |TAMS 0x00000000c5700000| PB 0x00000000c5700000| Untracked 
|  44|0x00000000c5800000, 0x00000000c5800000, 0x00000000c5900000|  0%| F|  |TAMS 0x00000000c5800000| PB 0x00000000c5800000| Untracked 
|  45|0x00000000c5900000, 0x00000000c5900000, 0x00000000c5a00000|  0%| F|  |TAMS 0x00000000c5900000| PB 0x00000000c5900000| Untracked 
|  46|0x00000000c5a00000, 0x00000000c5a00000, 0x00000000c5b00000|  0%| F|  |TAMS 0x00000000c5a00000| PB 0x00000000c5a00000| Untracked 
|  47|0x00000000c5b00000, 0x00000000c5b00000, 0x00000000c5c00000|  0%| F|  |TAMS 0x00000000c5b00000| PB 0x00000000c5b00000| Untracked 
|  48|0x00000000c5c00000, 0x00000000c5c00000, 0x00000000c5d00000|  0%| F|  |TAMS 0x00000000c5c00000| PB 0x00000000c5c00000| Untracked 
|  49|0x00000000c5d00000, 0x00000000c5d00000, 0x00000000c5e00000|  0%| F|  |TAMS 0x00000000c5d00000| PB 0x00000000c5d00000| Untracked 
|  50|0x00000000c5e00000, 0x00000000c5e00000, 0x00000000c5f00000|  0%| F|  |TAMS 0x00000000c5e00000| PB 0x00000000c5e00000| Untracked 
|  51|0x00000000c5f00000, 0x00000000c5f00000, 0x00000000c6000000|  0%| F|  |TAMS 0x00000000c5f00000| PB 0x00000000c5f00000| Untracked 
|  52|0x00000000c6000000, 0x00000000c6000000, 0x00000000c6100000|  0%| F|  |TAMS 0x00000000c6000000| PB 0x00000000c6000000| Untracked 
|  53|0x00000000c6100000, 0x00000000c6100000, 0x00000000c6200000|  0%| F|  |TAMS 0x00000000c6100000| PB 0x00000000c6100000| Untracked 
|  54|0x00000000c6200000, 0x00000000c6200000, 0x00000000c6300000|  0%| F|  |TAMS 0x00000000c6200000| PB 0x00000000c6200000| Untracked 
|  55|0x00000000c6300000, 0x00000000c6300000, 0x00000000c6400000|  0%| F|  |TAMS 0x00000000c6300000| PB 0x00000000c6300000| Untracked 
|  56|0x00000000c6400000, 0x00000000c6470d88, 0x00000000c6500000| 44%| E|  |TAMS 0x00000000c6400000| PB 0x00000000c6400000| Complete 
|  57|0x00000000c6500000, 0x00000000c6600000, 0x00000000c6600000|100%| E|CS|TAMS 0x00000000c6500000| PB 0x00000000c6500000| Complete 
|  58|0x00000000c6600000, 0x00000000c6700000, 0x00000000c6700000|100%| E|CS|TAMS 0x00000000c6600000| PB 0x00000000c6600000| Complete 
|  59|0x00000000c6700000, 0x00000000c6800000, 0x00000000c6800000|100%| E|CS|TAMS 0x00000000c6700000| PB 0x00000000c6700000| Complete 
|  60|0x00000000c6800000, 0x00000000c6900000, 0x00000000c6900000|100%| E|CS|TAMS 0x00000000c6800000| PB 0x00000000c6800000| Complete 
|  61|0x00000000c6900000, 0x00000000c6a00000, 0x00000000c6a00000|100%| E|CS|TAMS 0x00000000c6900000| PB 0x00000000c6900000| Complete 

Card table byte_map: [0x000001aaa2030000,0x000001aaa2220000] _byte_map_base: 0x000001aaa1a1a000

Marking Bits: (CMBitMap*) 0x000001aa8ac05de0
 Bits: [0x000001aaa2220000, 0x000001aaa3170000)

Polling page: 0x000001aa8a3a0000

Metaspace:

Usage:
  Non-class:     15.68 MB used.
      Class:      2.81 MB used.
       Both:     18.49 MB used.

Virtual space:
  Non-class space:       64.00 MB reserved,      15.88 MB ( 25%) committed,  1 nodes.
      Class space:        1.00 GB reserved,       2.94 MB ( <1%) committed,  1 nodes.
             Both:        1.06 GB reserved,      18.81 MB (  2%) committed. 

Chunk freelists:
   Non-Class:  15.98 MB
       Class:  13.08 MB
        Both:  29.06 MB

MaxMetaspaceSize: unlimited
CompressedClassSpaceSize: 1.00 GB
Initial GC threshold: 21.00 MB
Current GC threshold: 21.00 MB
CDS: on
 - commit_granule_bytes: 65536.
 - commit_granule_words: 8192.
 - virtual_space_node_default_size: 8388608.
 - enlarge_chunks_in_place: 1.
 - use_allocation_guard: 0.


Internal statistics:

num_allocs_failed_limit: 0.
num_arena_births: 376.
num_arena_deaths: 0.
num_vsnodes_births: 2.
num_vsnodes_deaths: 0.
num_space_committed: 301.
num_space_uncommitted: 0.
num_chunks_returned_to_freelist: 0.
num_chunks_taken_from_freelist: 1069.
num_chunk_merges: 0.
num_chunk_splits: 716.
num_chunks_enlarged: 524.
num_inconsistent_stats: 0.

CodeHeap 'non-profiled nmethods': size=120064Kb used=1486Kb max_used=1486Kb free=118577Kb
 bounds [0x000001aa9aaf0000, 0x000001aa9ad60000, 0x000001aaa2030000]
CodeHeap 'profiled nmethods': size=120000Kb used=7995Kb max_used=7995Kb free=112004Kb
 bounds [0x000001aa93030000, 0x000001aa93800000, 0x000001aa9a560000]
CodeHeap 'non-nmethods': size=5696Kb used=1792Kb max_used=1833Kb free=3903Kb
 bounds [0x000001aa9a560000, 0x000001aa9a7d0000, 0x000001aa9aaf0000]
 total_blobs=4569 nmethods=3770 adapters=704
 compilation: enabled
              stopped_count=0, restarted_count=0
 full_count=0

Compilation events (20 events):
Event: 26.633 Thread 0x000001aaa53b2670 nmethod 3758 0x000001aa9ac62d90 code [0x000001aa9ac62f20, 0x000001aa9ac63038]
Event: 26.634 Thread 0x000001aaa53b4050 3763       3       java.util.ArrayList::checkForComodification (17 bytes)
Event: 26.635 Thread 0x000001aaa53b4050 nmethod 3763 0x000001aa937faa90 code [0x000001aa937fac40, 0x000001aa937fae68]
Event: 26.635 Thread 0x000001aaa53b4050 3764       3       com.sun.prism.d3d.D3DRTTexture::createGraphics (9 bytes)
Event: 26.636 Thread 0x000001aaa53b4050 nmethod 3764 0x000001aa937faf90 code [0x000001aa937fb180, 0x000001aa937fb838]
Event: 26.636 Thread 0x000001aaa53b4050 3765       3       javafx.scene.paint.LinearGradient::equals (119 bytes)
Event: 26.637 Thread 0x000001aaa53b4050 nmethod 3765 0x000001aa937fba90 code [0x000001aa937fbc80, 0x000001aa937fc438]
Event: 26.637 Thread 0x000001aaa53b4050 3768       3       java.util.ArrayList::equalsRange (85 bytes)
Event: 26.637 Thread 0x000001aaa53b4050 nmethod 3768 0x000001aa937fc510 code [0x000001aa937fc760, 0x000001aa937fd0a0]
Event: 26.637 Thread 0x000001aaa53b4050 3766       3       java.util.Collections$UnmodifiableList::equals (24 bytes)
Event: 26.637 Thread 0x000001aaa53b4050 nmethod 3766 0x000001aa937fd310 code [0x000001aa937fd4c0, 0x000001aa937fd728]
Event: 26.637 Thread 0x000001aaa53b4050 3767       3       java.util.ArrayList::equals (62 bytes)
Event: 26.638 Thread 0x000001aaa53b4050 nmethod 3767 0x000001aa937fd810 code [0x000001aa937fda20, 0x000001aa937fe230]
Event: 26.650 Thread 0x000001aaa53b2670 3769       4       com.sun.javafx.css.BitSet::contains (63 bytes)
Event: 26.654 Thread 0x000001aaa53b2670 nmethod 3769 0x000001aa9ac63110 code [0x000001aa9ac63300, 0x000001aa9ac635e0]
Event: 27.195 Thread 0x000001aaa53b4050 3770       3       javafx.scene.input.MouseEvent::copyFor (17 bytes)
Event: 27.196 Thread 0x000001aaa53b4050 nmethod 3770 0x000001aa937fe410 code [0x000001aa937fe5c0, 0x000001aa937fe7f0]
Event: 27.196 Thread 0x000001aaa53b4050 3771       3       com.sun.javafx.util.Logging::getInputLogger (18 bytes)
Event: 27.196 Thread 0x000001aaa53b4050 nmethod 3771 0x000001aa937fe910 code [0x000001aa937feac0, 0x000001aa937fec90]
Event: 28.280 Thread 0x000001aaa53b2670 3772       4       com.sun.javafx.scene.layout.RegionHelper::pickNodeLocalImpl (12 bytes)

GC Heap History (10 events):
Event: 1.138 GC heap before
{Heap before GC invocations=0 (full 0):
 garbage-first heap   total 63488K, used 6144K [0x00000000c2c00000, 0x0000000100000000)
  region size 1024K, 6 young (6144K), 0 survivors (0K)
 Metaspace       used 470K, committed 640K, reserved 1114112K
  class space    used 22K, committed 128K, reserved 1048576K
}
Event: 1.145 GC heap after
{Heap after GC invocations=1 (full 0):
 garbage-first heap   total 63488K, used 752K [0x00000000c2c00000, 0x0000000100000000)
  region size 1024K, 1 young (1024K), 1 survivors (1024K)
 Metaspace       used 470K, committed 640K, reserved 1114112K
  class space    used 22K, committed 128K, reserved 1048576K
}
Event: 1.972 GC heap before
{Heap before GC invocations=1 (full 0):
 garbage-first heap   total 63488K, used 6896K [0x00000000c2c00000, 0x0000000100000000)
  region size 1024K, 8 young (8192K), 1 survivors (1024K)
 Metaspace       used 2477K, committed 2688K, reserved 1114112K
  class space    used 256K, committed 384K, reserved 1048576K
}
Event: 1.977 GC heap after
{Heap after GC invocations=2 (full 0):
 garbage-first heap   total 63488K, used 1634K [0x00000000c2c00000, 0x0000000100000000)
  region size 1024K, 1 young (1024K), 1 survivors (1024K)
 Metaspace       used 2477K, committed 2688K, reserved 1114112K
  class space    used 256K, committed 384K, reserved 1048576K
}
Event: 2.802 GC heap before
{Heap before GC invocations=2 (full 0):
 garbage-first heap   total 63488K, used 10850K [0x00000000c2c00000, 0x0000000100000000)
  region size 1024K, 11 young (11264K), 1 survivors (1024K)
 Metaspace       used 5836K, committed 6016K, reserved 1114112K
  class space    used 689K, committed 768K, reserved 1048576K
}
Event: 2.813 GC heap after
{Heap after GC invocations=3 (full 0):
 garbage-first heap   total 63488K, used 2715K [0x00000000c2c00000, 0x0000000100000000)
  region size 1024K, 2 young (2048K), 2 survivors (2048K)
 Metaspace       used 5836K, committed 6016K, reserved 1114112K
  class space    used 689K, committed 768K, reserved 1048576K
}
Event: 5.944 GC heap before
{Heap before GC invocations=3 (full 0):
 garbage-first heap   total 63488K, used 37531K [0x00000000c2c00000, 0x0000000100000000)
  region size 1024K, 37 young (37888K), 2 survivors (2048K)
 Metaspace       used 12806K, committed 13120K, reserved 1114112K
  class space    used 2020K, committed 2176K, reserved 1048576K
}
Event: 5.959 GC heap after
{Heap after GC invocations=4 (full 0):
 garbage-first heap   total 63488K, used 5942K [0x00000000c2c00000, 0x0000000100000000)
  region size 1024K, 5 young (5120K), 5 survivors (5120K)
 Metaspace       used 12806K, committed 13120K, reserved 1114112K
  class space    used 2020K, committed 2176K, reserved 1048576K
}
Event: 14.816 GC heap before
{Heap before GC invocations=4 (full 0):
 garbage-first heap   total 63488K, used 39734K [0x00000000c2c00000, 0x0000000100000000)
  region size 1024K, 37 young (37888K), 5 survivors (5120K)
 Metaspace       used 18228K, committed 18496K, reserved 1114112K
  class space    used 2836K, committed 2944K, reserved 1048576K
}
Event: 14.839 GC heap after
{Heap after GC invocations=5 (full 0):
 garbage-first heap   total 63488K, used 12095K [0x00000000c2c00000, 0x0000000100000000)
  region size 1024K, 4 young (4096K), 4 survivors (4096K)
 Metaspace       used 18228K, committed 18496K, reserved 1114112K
  class space    used 2836K, committed 2944K, reserved 1048576K
}

Dll operation events (20 events):
Event: 1.511 Loaded shared library C:\Program Files\Java\javafx-sdk-21.0.1\bin\api-ms-win-crt-locale-l1-1-0.dll
Event: 1.515 Loaded shared library C:\Program Files\Java\javafx-sdk-21.0.1\bin\api-ms-win-crt-math-l1-1-0.dll
Event: 1.523 Loaded shared library C:\Program Files\Java\javafx-sdk-21.0.1\bin\api-ms-win-crt-multibyte-l1-1-0.dll
Event: 1.527 Loaded shared library C:\Program Files\Java\javafx-sdk-21.0.1\bin\api-ms-win-crt-private-l1-1-0.dll
Event: 1.713 Loaded shared library C:\Program Files\Java\javafx-sdk-21.0.1\bin\api-ms-win-crt-process-l1-1-0.dll
Event: 1.717 Loaded shared library C:\Program Files\Java\javafx-sdk-21.0.1\bin\api-ms-win-crt-runtime-l1-1-0.dll
Event: 1.725 Loaded shared library C:\Program Files\Java\javafx-sdk-21.0.1\bin\api-ms-win-crt-stdio-l1-1-0.dll
Event: 1.728 Loaded shared library C:\Program Files\Java\javafx-sdk-21.0.1\bin\api-ms-win-crt-string-l1-1-0.dll
Event: 1.733 Loaded shared library C:\Program Files\Java\javafx-sdk-21.0.1\bin\api-ms-win-crt-time-l1-1-0.dll
Event: 1.737 Loaded shared library C:\Program Files\Java\javafx-sdk-21.0.1\bin\api-ms-win-crt-utility-l1-1-0.dll
Event: 1.744 Loaded shared library C:\Program Files\Java\javafx-sdk-21.0.1\bin\ucrtbase.dll
Event: 1.749 Loaded shared library C:\Program Files\Java\javafx-sdk-21.0.1\bin\vcruntime140.dll
Event: 1.752 Loaded shared library C:\Program Files\Java\javafx-sdk-21.0.1\bin\vcruntime140_1.dll
Event: 1.758 Loaded shared library C:\Program Files\Java\javafx-sdk-21.0.1\bin\msvcp140.dll
Event: 1.763 Loaded shared library C:\Program Files\Java\javafx-sdk-21.0.1\bin\msvcp140_1.dll
Event: 1.771 Loaded shared library C:\Program Files\Java\javafx-sdk-21.0.1\bin\msvcp140_2.dll
Event: 1.853 Loaded shared library C:\Program Files\Java\javafx-sdk-21.0.1\bin\prism_d3d.dll
Event: 1.944 Loaded shared library C:\Program Files\Java\javafx-sdk-21.0.1\bin\glass.dll
Event: 2.252 Loaded shared library C:\Program Files\Java\jdk-21\bin\jimage.dll
Event: 3.430 Loaded shared library C:\Program Files\Java\javafx-sdk-21.0.1\bin\javafx_font.dll

Deoptimization events (20 events):
Event: 14.681 Thread 0x000001aaeb155ed0 Uncommon trap: trap_request=0xffffffde fr.pc=0x000001aa9aafece4 relative=0x00000000000000c4
Event: 14.681 Thread 0x000001aaeb155ed0 Uncommon trap: reason=class_check action=maybe_recompile pc=0x000001aa9aafece4 method=java.lang.Character.codePointAt(Ljava/lang/CharSequence;I)I @ 2 c2
Event: 14.681 Thread 0x000001aaeb155ed0 DEOPT PACKING pc=0x000001aa9aafece4 sp=0x0000006d2edfd7e0
Event: 14.681 Thread 0x000001aaeb155ed0 DEOPT UNPACKING pc=0x000001aa9a5b469c sp=0x0000006d2edfd778 mode 2
Event: 14.681 Thread 0x000001aaeb155ed0 Uncommon trap: trap_request=0xffffffde fr.pc=0x000001aa9aafece4 relative=0x00000000000000c4
Event: 14.681 Thread 0x000001aaeb155ed0 Uncommon trap: reason=class_check action=maybe_recompile pc=0x000001aa9aafece4 method=java.lang.Character.codePointAt(Ljava/lang/CharSequence;I)I @ 2 c2
Event: 14.681 Thread 0x000001aaeb155ed0 DEOPT PACKING pc=0x000001aa9aafece4 sp=0x0000006d2edfd7e0
Event: 14.681 Thread 0x000001aaeb155ed0 DEOPT UNPACKING pc=0x000001aa9a5b469c sp=0x0000006d2edfd778 mode 2
Event: 14.681 Thread 0x000001aaeb155ed0 Uncommon trap: trap_request=0xffffffde fr.pc=0x000001aa9aafece4 relative=0x00000000000000c4
Event: 14.681 Thread 0x000001aaeb155ed0 Uncommon trap: reason=class_check action=maybe_recompile pc=0x000001aa9aafece4 method=java.lang.Character.codePointAt(Ljava/lang/CharSequence;I)I @ 2 c2
Event: 14.681 Thread 0x000001aaeb155ed0 DEOPT PACKING pc=0x000001aa9aafece4 sp=0x0000006d2edfd7e0
Event: 14.681 Thread 0x000001aaeb155ed0 DEOPT UNPACKING pc=0x000001aa9a5b469c sp=0x0000006d2edfd778 mode 2
Event: 14.972 Thread 0x000001aaa593c220 DEOPT PACKING pc=0x000001aa93413ceb sp=0x0000006d2ebfc540
Event: 14.972 Thread 0x000001aaa593c220 DEOPT UNPACKING pc=0x000001aa9a5b4e23 sp=0x0000006d2ebfb9a8 mode 0
Event: 17.477 Thread 0x000001aaa593c220 DEOPT PACKING pc=0x000001aa934f9ae7 sp=0x0000006d2ebfcce0
Event: 17.477 Thread 0x000001aaa593c220 DEOPT UNPACKING pc=0x000001aa9a5b4e23 sp=0x0000006d2ebfc150 mode 0
Event: 19.382 Thread 0x000001aaa593c220 DEOPT PACKING pc=0x000001aa93413ceb sp=0x0000006d2ebfbeb0
Event: 19.382 Thread 0x000001aaa593c220 DEOPT UNPACKING pc=0x000001aa9a5b4e23 sp=0x0000006d2ebfb318 mode 0
Event: 26.605 Thread 0x000001aaa593c220 DEOPT PACKING pc=0x000001aa933df462 sp=0x0000006d2ebfc180
Event: 26.605 Thread 0x000001aaa593c220 DEOPT UNPACKING pc=0x000001aa9a5b4e23 sp=0x0000006d2ebfb5e8 mode 0

Classes loaded (20 events):
Event: 14.674 Loading class sun/util/locale/provider/BaseLocaleDataMetaInfo
Event: 14.674 Loading class sun/util/locale/provider/BaseLocaleDataMetaInfo done
Event: 14.679 Loading class sun/util/locale/provider/BreakIteratorProviderImpl$GraphemeBreakIterator
Event: 14.679 Loading class sun/util/locale/provider/BreakIteratorProviderImpl$GraphemeBreakIterator done
Event: 14.679 Loading class java/text/StringCharacterIterator
Event: 14.680 Loading class java/text/StringCharacterIterator done
Event: 14.680 Loading class sun/util/locale/provider/BreakIteratorProviderImpl$CharacterIteratorCharSequence
Event: 14.680 Loading class sun/util/locale/provider/BreakIteratorProviderImpl$CharacterIteratorCharSequence done
Event: 14.680 Loading class java/text/BreakIterator$BreakIteratorCache
Event: 14.680 Loading class java/text/BreakIterator$BreakIteratorCache done
Event: 14.680 Loading class jdk/internal/util/regex/Grapheme
Event: 14.680 Loading class jdk/internal/util/regex/Grapheme done
Event: 21.897 Loading class java/lang/invoke/WrongMethodTypeException
Event: 21.910 Loading class java/lang/invoke/WrongMethodTypeException done
Event: 21.910 Loading class jdk/internal/reflect/AccessorUtils
Event: 21.911 Loading class jdk/internal/reflect/AccessorUtils done
Event: 21.913 Loading class java/lang/Throwable$WrappedPrintStream
Event: 21.916 Loading class java/lang/Throwable$PrintStreamOrWriter
Event: 21.916 Loading class java/lang/Throwable$PrintStreamOrWriter done
Event: 21.916 Loading class java/lang/Throwable$WrappedPrintStream done

Classes unloaded (0 events):
No events

Classes redefined (0 events):
No events

Internal exceptions (20 events):
Event: 4.982 Thread 0x000001aaeb155ed0 Exception <a 'java/lang/NoSuchMethodError'{0x00000000c58e0b28}: 'int java.lang.invoke.DirectMethodHandle$Holder.invokeSpecial(java.lang.Object, java.lang.Object, java.lang.Object, int)'> (0x00000000c58e0b28) 
thrown [s\open\src\hotspot\share\interpreter\linkResolver.cpp, line 773]
Event: 4.983 Thread 0x000001aaeb155ed0 Exception <a 'java/lang/NoSuchMethodError'{0x00000000c58eaf00}: 'void java.lang.invoke.DelegatingMethodHandle$Holder.reinvoke_L(java.lang.Object, java.lang.Object, int)'> (0x00000000c58eaf00) 
thrown [s\open\src\hotspot\share\interpreter\linkResolver.cpp, line 773]
Event: 5.159 Thread 0x000001aaeb155ed0 Implicit null exception at 0x000001aa9ab45087 to 0x000001aa9ab45328
Event: 5.187 Thread 0x000001aaeb155ed0 Implicit null exception at 0x000001aa9ab552da to 0x000001aa9ab55708
Event: 5.192 Thread 0x000001aaeb155ed0 Implicit null exception at 0x000001aa9ab565bc to 0x000001aa9ab569c4
Event: 5.196 Thread 0x000001aaeb155ed0 Implicit null exception at 0x000001aa9ab64b5a to 0x000001aa9ab64d90
Event: 5.436 Thread 0x000001aaeb155ed0 Exception <a 'java/lang/NoSuchMethodError'{0x00000000c4dd1f60}: 'java.lang.Object java.lang.invoke.DirectMethodHandle$Holder.invokeInterface(java.lang.Object, java.lang.Object, java.lang.Object)'> (0x00000000c4dd1f60) 
thrown [s\open\src\hotspot\share\interpreter\linkResolver.cpp, line 773]
Event: 5.438 Thread 0x000001aaeb155ed0 Exception <a 'java/lang/IncompatibleClassChangeError'{0x00000000c4dd5608}: Found class java.lang.Object, but interface was expected> (0x00000000c4dd5608) 
thrown [s\open\src\hotspot\share\interpreter\linkResolver.cpp, line 840]
Event: 5.689 Thread 0x000001aaeb155ed0 Exception <a 'java/lang/ClassNotFoundException'{0x00000000c4a5ed50}: com/sun/javafx/scene/control/skin/resources/controls> (0x00000000c4a5ed50) 
thrown [s\open\src\hotspot\share\prims\jni.cpp, line 539]
Event: 5.693 Thread 0x000001aaeb155ed0 Exception <a 'java/lang/ClassNotFoundException'{0x00000000c4a6d1b8}: com/sun/javafx/scene/control/skin/resources/controls_fr> (0x00000000c4a6d1b8) 
thrown [s\open\src\hotspot\share\prims\jni.cpp, line 539]
Event: 5.695 Thread 0x000001aaeb155ed0 Exception <a 'java/lang/ClassNotFoundException'{0x00000000c4a7af00}: com/sun/javafx/scene/control/skin/resources/controls_fr_FR> (0x00000000c4a7af00) 
thrown [s\open\src\hotspot\share\prims\jni.cpp, line 539]
Event: 5.848 Thread 0x000001aaeb155ed0 Exception <a 'java/lang/NoSuchMethodError'{0x00000000c4858be0}: 'void java.lang.invoke.DirectMethodHandle$Holder.invokeSpecial(java.lang.Object, java.lang.Object, java.lang.Object, java.lang.Object, java.lang.Object, java.lang.Object)'> (0x00000000c4858be0) 
thrown [s\open\src\hotspot\share\interpreter\linkResolver.cpp, line 773]
Event: 6.150 Thread 0x000001aaeb155ed0 Exception <a 'java/lang/NoSuchMethodError'{0x00000000c689c7e0}: 'int java.lang.invoke.DirectMethodHandle$Holder.invokeSpecial(java.lang.Object, java.lang.Object, int)'> (0x00000000c689c7e0) 
thrown [s\open\src\hotspot\share\interpreter\linkResolver.cpp, line 773]
Event: 6.173 Thread 0x000001aaeb155ed0 Exception <a 'java/lang/NoSuchMethodError'{0x00000000c68e2c80}: 'java.lang.Object java.lang.invoke.DirectMethodHandle$Holder.newInvokeSpecial(java.lang.Object, java.lang.Object, int)'> (0x00000000c68e2c80) 
thrown [s\open\src\hotspot\share\interpreter\linkResolver.cpp, line 773]
Event: 6.433 Thread 0x000001aaeb155ed0 Exception <a 'java/lang/NoSuchMethodError'{0x00000000c67c6b78}: 'long java.lang.invoke.DirectMethodHandle$Holder.invokeStatic(java.lang.Object, java.lang.Object, java.lang.Object)'> (0x00000000c67c6b78) 
thrown [s\open\src\hotspot\share\interpreter\linkResolver.cpp, line 773]
Event: 6.434 Thread 0x000001aaeb155ed0 Exception <a 'java/lang/NoSuchMethodError'{0x00000000c67c9f48}: 'long java.lang.invoke.DirectMethodHandle$Holder.invokeStaticInit(java.lang.Object, java.lang.Object, java.lang.Object)'> (0x00000000c67c9f48) 
thrown [s\open\src\hotspot\share\interpreter\linkResolver.cpp, line 773]
Event: 6.437 Thread 0x000001aaeb155ed0 Exception <a 'java/lang/NoSuchMethodError'{0x00000000c67de540}: 'java.lang.Object java.lang.invoke.DirectMethodHandle$Holder.newInvokeSpecial(java.lang.Object, java.lang.Object, long)'> (0x00000000c67de540) 
thrown [s\open\src\hotspot\share\interpreter\linkResolver.cpp, line 773]
Event: 6.438 Thread 0x000001aaeb155ed0 Exception <a 'java/lang/NoSuchMethodError'{0x00000000c67e1e38}: 'java.lang.Object java.lang.invoke.Invokers$Holder.linkToTargetMethod(java.lang.Object, long, java.lang.Object)'> (0x00000000c67e1e38) 
thrown [s\open\src\hotspot\share\interpreter\linkResolver.cpp, line 773]
Event: 6.444 Thread 0x000001aaa593c220 Exception <a 'java/lang/NoSuchMethodError'{0x00000000c6601710}: 'int java.lang.invoke.DirectMethodHandle$Holder.invokeStaticInit(java.lang.Object, java.lang.Object)'> (0x00000000c6601710) 
thrown [s\open\src\hotspot\share\interpreter\linkResolver.cpp, line 773]
Event: 18.460 Thread 0x000001aaa593c220 Exception <a 'java/lang/NoSuchMethodError'{0x00000000c6615870}: 'java.lang.Object java.lang.invoke.DirectMethodHandle$Holder.invokeStaticInit(java.lang.Object, int)'> (0x00000000c6615870) 
thrown [s\open\src\hotspot\share\interpreter\linkResolver.cpp, line 773]

ZGC Phase Switch (0 events):
No events

VM Operations (20 events):
Event: 14.816 Executing VM operation: G1CollectForAllocation (G1 Evacuation Pause)
Event: 14.839 Executing VM operation: G1CollectForAllocation (G1 Evacuation Pause) done
Event: 14.957 Executing VM operation: HandshakeAllThreads (Deoptimize)
Event: 14.957 Executing VM operation: HandshakeAllThreads (Deoptimize) done
Event: 15.957 Executing VM operation: Cleanup
Event: 15.957 Executing VM operation: Cleanup done
Event: 16.958 Executing VM operation: Cleanup
Event: 16.959 Executing VM operation: Cleanup done
Event: 17.960 Executing VM operation: Cleanup
Event: 17.960 Executing VM operation: Cleanup done
Event: 19.961 Executing VM operation: Cleanup
Event: 19.961 Executing VM operation: Cleanup done
Event: 20.962 Executing VM operation: Cleanup
Event: 20.962 Executing VM operation: Cleanup done
Event: 21.962 Executing VM operation: Cleanup
Event: 21.962 Executing VM operation: Cleanup done
Event: 26.965 Executing VM operation: Cleanup
Event: 26.965 Executing VM operation: Cleanup done
Event: 27.965 Executing VM operation: Cleanup
Event: 27.965 Executing VM operation: Cleanup done

Events (18 events):
Event: 0.654 Thread 0x000001aa88aa8d80 Thread added: 0x000001aa88aa8d80
Event: 0.838 Thread 0x000001aa8ac9cd10 Thread added: 0x000001aa8ac9cd10
Event: 0.838 Thread 0x000001aaa53a0910 Thread added: 0x000001aaa53a0910
Event: 0.839 Thread 0x000001aaa53a5fb0 Thread added: 0x000001aaa53a5fb0
Event: 0.839 Thread 0x000001aaa53a9020 Thread added: 0x000001aaa53a9020
Event: 0.839 Thread 0x000001aaa53a8550 Thread added: 0x000001aaa53a8550
Event: 0.839 Thread 0x000001aaa53af450 Thread added: 0x000001aaa53af450
Event: 0.839 Thread 0x000001aaa53b2670 Thread added: 0x000001aaa53b2670
Event: 0.839 Thread 0x000001aaa53b4050 Thread added: 0x000001aaa53b4050
Event: 0.890 Thread 0x000001aaa547e450 Thread added: 0x000001aaa547e450
Event: 1.170 Thread 0x000001aaa57f5be0 Thread added: 0x000001aaa57f5be0
Event: 1.837 Thread 0x000001aaa593c220 Thread added: 0x000001aaa593c220
Event: 1.948 Thread 0x000001aaa5993b00 Thread added: 0x000001aaa5993b00
Event: 1.953 Thread 0x000001aaeb155ed0 Thread added: 0x000001aaeb155ed0
Event: 2.113 Thread 0x000001aaeb32d040 Thread added: 0x000001aaeb32d040
Event: 2.114 Thread 0x000001aaeb29c0a0 Thread added: 0x000001aaeb29c0a0
Event: 5.039 Thread 0x000001aaefd02e60 Thread added: 0x000001aaefd02e60
Event: 6.568 Thread 0x000001aaefd04210 Thread added: 0x000001aaefd04210


Dynamic libraries:
0x00007ff7b2ec0000 - 0x00007ff7b2ed0000 	C:\Program Files\Java\jdk-21\bin\javaw.exe
0x00007ffef0610000 - 0x00007ffef0827000 	C:\Windows\SYSTEM32\ntdll.dll
0x00007ffeef550000 - 0x00007ffeef614000 	C:\Windows\System32\KERNEL32.DLL
0x00007ffeed9f0000 - 0x00007ffeedd96000 	C:\Windows\System32\KERNELBASE.dll
0x00007ffeedda0000 - 0x00007ffeedeb1000 	C:\Windows\System32\ucrtbase.dll
0x00007ffee8810000 - 0x00007ffee8829000 	C:\Program Files\Java\jdk-21\bin\jli.dll
0x00007ffeef6a0000 - 0x00007ffeef751000 	C:\Windows\System32\ADVAPI32.dll
0x00007ffeef920000 - 0x00007ffeef9c7000 	C:\Windows\System32\msvcrt.dll
0x00007ffeee480000 - 0x00007ffeee525000 	C:\Windows\System32\sechost.dll
0x00007ffeee530000 - 0x00007ffeee647000 	C:\Windows\System32\RPCRT4.dll
0x00007ffef0420000 - 0x00007ffef05ce000 	C:\Windows\System32\USER32.dll
0x00007ffeedf60000 - 0x00007ffeedf86000 	C:\Windows\System32\win32u.dll
0x00007ffeee370000 - 0x00007ffeee399000 	C:\Windows\System32\GDI32.dll
0x00007ffeee0d0000 - 0x00007ffeee1e8000 	C:\Windows\System32\gdi32full.dll
0x00007ffeedec0000 - 0x00007ffeedf5a000 	C:\Windows\System32\msvcp_win.dll
0x00007ffedb250000 - 0x00007ffedb4e3000 	C:\Windows\WinSxS\amd64_microsoft.windows.common-controls_6595b64144ccf1df_6.0.22621.2506_none_270c5ae97388e100\COMCTL32.dll
0x00007ffeda650000 - 0x00007ffeda66b000 	C:\Program Files\Java\jdk-21\bin\VCRUNTIME140.dll
0x00007ffed4f80000 - 0x00007ffed4f8a000 	C:\Windows\SYSTEM32\VERSION.dll
0x00007ffef03c0000 - 0x00007ffef03f1000 	C:\Windows\System32\IMM32.DLL
0x00007ffeea700000 - 0x00007ffeea70c000 	C:\Program Files\Java\jdk-21\bin\vcruntime140_1.dll
0x00007ffecb940000 - 0x00007ffecb9ce000 	C:\Program Files\Java\jdk-21\bin\msvcp140.dll
0x00007ffea5530000 - 0x00007ffea6245000 	C:\Program Files\Java\jdk-21\bin\server\jvm.dll
0x00007ffef0100000 - 0x00007ffef0171000 	C:\Windows\System32\WS2_32.dll
0x00007ffeed6a0000 - 0x00007ffeed6ed000 	C:\Windows\SYSTEM32\POWRPROF.dll
0x00007ffedfff0000 - 0x00007ffee0024000 	C:\Windows\SYSTEM32\WINMM.dll
0x00007ffeed680000 - 0x00007ffeed693000 	C:\Windows\SYSTEM32\UMPDC.dll
0x00007ffeec8f0000 - 0x00007ffeec908000 	C:\Windows\SYSTEM32\kernel.appcore.dll
0x00007ffee9010000 - 0x00007ffee901a000 	C:\Program Files\Java\jdk-21\bin\jimage.dll
0x00007ffeeb180000 - 0x00007ffeeb3b3000 	C:\Windows\SYSTEM32\DBGHELP.DLL
0x00007ffeef110000 - 0x00007ffeef499000 	C:\Windows\System32\combase.dll
0x00007ffeee3a0000 - 0x00007ffeee477000 	C:\Windows\System32\OLEAUT32.dll
0x00007ffedeb10000 - 0x00007ffedeb42000 	C:\Windows\SYSTEM32\dbgcore.DLL
0x00007ffeedf90000 - 0x00007ffeee00a000 	C:\Windows\System32\bcryptPrimitives.dll
0x00007ffeda440000 - 0x00007ffeda45f000 	C:\Program Files\Java\jdk-21\bin\java.dll
0x00007ffeee8a0000 - 0x00007ffeef0fa000 	C:\Windows\System32\SHELL32.dll
0x00007ffeeb850000 - 0x00007ffeec146000 	C:\Windows\SYSTEM32\windows.storage.dll
0x00007ffeeb710000 - 0x00007ffeeb84e000 	C:\Windows\SYSTEM32\wintypes.dll
0x00007ffeee650000 - 0x00007ffeee743000 	C:\Windows\System32\SHCORE.dll
0x00007ffeef4f0000 - 0x00007ffeef54e000 	C:\Windows\System32\shlwapi.dll
0x00007ffeed8b0000 - 0x00007ffeed8d6000 	C:\Windows\SYSTEM32\profapi.dll
0x00007ffec3f20000 - 0x00007ffec3ff7000 	C:\Program Files\Java\jdk-21\bin\jsvml.dll
0x00007ffee7f60000 - 0x00007ffee7f70000 	C:\Program Files\Java\jdk-21\bin\net.dll
0x00007ffedfdd0000 - 0x00007ffedff07000 	C:\Windows\SYSTEM32\WINHTTP.dll
0x00007ffeece00000 - 0x00007ffeece69000 	C:\Windows\system32\mswsock.dll
0x00007ffeda420000 - 0x00007ffeda436000 	C:\Program Files\Java\jdk-21\bin\nio.dll
0x00007ffed9870000 - 0x00007ffed9888000 	C:\Program Files\Java\jdk-21\bin\zip.dll
0x000001aa8ab10000 - 0x000001aa8ab13000 	C:\Program Files\Java\javafx-sdk-21.0.1\bin\api-ms-win-core-console-l1-1-0.dll
0x000001aa8ab20000 - 0x000001aa8ab23000 	C:\Program Files\Java\javafx-sdk-21.0.1\bin\api-ms-win-core-console-l1-2-0.dll
0x000001aa8ab30000 - 0x000001aa8ab33000 	C:\Program Files\Java\javafx-sdk-21.0.1\bin\api-ms-win-core-datetime-l1-1-0.dll
0x000001aa8ab40000 - 0x000001aa8ab43000 	C:\Program Files\Java\javafx-sdk-21.0.1\bin\api-ms-win-core-debug-l1-1-0.dll
0x000001aa8ab50000 - 0x000001aa8ab53000 	C:\Program Files\Java\javafx-sdk-21.0.1\bin\api-ms-win-core-errorhandling-l1-1-0.dll
0x000001aa8ab60000 - 0x000001aa8ab64000 	C:\Program Files\Java\javafx-sdk-21.0.1\bin\api-ms-win-core-file-l1-1-0.dll
0x000001aa8ab70000 - 0x000001aa8ab73000 	C:\Program Files\Java\javafx-sdk-21.0.1\bin\api-ms-win-core-file-l1-2-0.dll
0x000001aa8ab80000 - 0x000001aa8ab83000 	C:\Program Files\Java\javafx-sdk-21.0.1\bin\api-ms-win-core-file-l2-1-0.dll
0x000001aa8ab90000 - 0x000001aa8ab93000 	C:\Program Files\Java\javafx-sdk-21.0.1\bin\api-ms-win-core-handle-l1-1-0.dll
0x000001aaa59b0000 - 0x000001aaa59b3000 	C:\Program Files\Java\javafx-sdk-21.0.1\bin\api-ms-win-core-heap-l1-1-0.dll
0x000001aaa59c0000 - 0x000001aaa59c3000 	C:\Program Files\Java\javafx-sdk-21.0.1\bin\api-ms-win-core-interlocked-l1-1-0.dll
0x000001aaa59d0000 - 0x000001aaa59d3000 	C:\Program Files\Java\javafx-sdk-21.0.1\bin\api-ms-win-core-libraryloader-l1-1-0.dll
0x000001aaa59e0000 - 0x000001aaa59e3000 	C:\Program Files\Java\javafx-sdk-21.0.1\bin\api-ms-win-core-localization-l1-2-0.dll
0x000001aaa59f0000 - 0x000001aaa59f3000 	C:\Program Files\Java\javafx-sdk-21.0.1\bin\api-ms-win-core-memory-l1-1-0.dll
0x000001aaa5a00000 - 0x000001aaa5a03000 	C:\Program Files\Java\javafx-sdk-21.0.1\bin\api-ms-win-core-namedpipe-l1-1-0.dll
0x000001aaa5a10000 - 0x000001aaa5a13000 	C:\Program Files\Java\javafx-sdk-21.0.1\bin\api-ms-win-core-processenvironment-l1-1-0.dll
0x000001aaa5a20000 - 0x000001aaa5a23000 	C:\Program Files\Java\javafx-sdk-21.0.1\bin\api-ms-win-core-processthreads-l1-1-0.dll
0x000001aaa5a30000 - 0x000001aaa5a33000 	C:\Program Files\Java\javafx-sdk-21.0.1\bin\api-ms-win-core-processthreads-l1-1-1.dll
0x000001aaa5a40000 - 0x000001aaa5a43000 	C:\Program Files\Java\javafx-sdk-21.0.1\bin\api-ms-win-core-profile-l1-1-0.dll
0x000001aaa5a50000 - 0x000001aaa5a53000 	C:\Program Files\Java\javafx-sdk-21.0.1\bin\api-ms-win-core-rtlsupport-l1-1-0.dll
0x000001aaa5a60000 - 0x000001aaa5a63000 	C:\Program Files\Java\javafx-sdk-21.0.1\bin\api-ms-win-core-string-l1-1-0.dll
0x000001aaa5a70000 - 0x000001aaa5a73000 	C:\Program Files\Java\javafx-sdk-21.0.1\bin\api-ms-win-core-synch-l1-1-0.dll
0x000001aaa5a80000 - 0x000001aaa5a83000 	C:\Program Files\Java\javafx-sdk-21.0.1\bin\api-ms-win-core-synch-l1-2-0.dll
0x000001aaa5a90000 - 0x000001aaa5a93000 	C:\Program Files\Java\javafx-sdk-21.0.1\bin\api-ms-win-core-sysinfo-l1-1-0.dll
0x000001aaa5aa0000 - 0x000001aaa5aa3000 	C:\Program Files\Java\javafx-sdk-21.0.1\bin\api-ms-win-core-timezone-l1-1-0.dll
0x000001aaa5ab0000 - 0x000001aaa5ab3000 	C:\Program Files\Java\javafx-sdk-21.0.1\bin\api-ms-win-core-util-l1-1-0.dll
0x000001aaa5ac0000 - 0x000001aaa5ac3000 	C:\Program Files\Java\javafx-sdk-21.0.1\bin\api-ms-win-crt-conio-l1-1-0.dll
0x000001aaa5ad0000 - 0x000001aaa5ad4000 	C:\Program Files\Java\javafx-sdk-21.0.1\bin\api-ms-win-crt-convert-l1-1-0.dll
0x000001aaa5ae0000 - 0x000001aaa5ae3000 	C:\Program Files\Java\javafx-sdk-21.0.1\bin\api-ms-win-crt-environment-l1-1-0.dll
0x000001aaa5af0000 - 0x000001aaa5af3000 	C:\Program Files\Java\javafx-sdk-21.0.1\bin\api-ms-win-crt-filesystem-l1-1-0.dll
0x000001aaa5b00000 - 0x000001aaa5b03000 	C:\Program Files\Java\javafx-sdk-21.0.1\bin\api-ms-win-crt-heap-l1-1-0.dll
0x000001aaa5b10000 - 0x000001aaa5b13000 	C:\Program Files\Java\javafx-sdk-21.0.1\bin\api-ms-win-crt-locale-l1-1-0.dll
0x000001aaa5b20000 - 0x000001aaa5b25000 	C:\Program Files\Java\javafx-sdk-21.0.1\bin\api-ms-win-crt-math-l1-1-0.dll
0x000001aaa5b30000 - 0x000001aaa5b35000 	C:\Program Files\Java\javafx-sdk-21.0.1\bin\api-ms-win-crt-multibyte-l1-1-0.dll
0x000001aaa5b40000 - 0x000001aaa5b50000 	C:\Program Files\Java\javafx-sdk-21.0.1\bin\api-ms-win-crt-private-l1-1-0.dll
0x000001aaa5b50000 - 0x000001aaa5b53000 	C:\Program Files\Java\javafx-sdk-21.0.1\bin\api-ms-win-crt-process-l1-1-0.dll
0x000001aaa5b60000 - 0x000001aaa5b64000 	C:\Program Files\Java\javafx-sdk-21.0.1\bin\api-ms-win-crt-runtime-l1-1-0.dll
0x000001aaa5b70000 - 0x000001aaa5b74000 	C:\Program Files\Java\javafx-sdk-21.0.1\bin\api-ms-win-crt-stdio-l1-1-0.dll
0x000001aaa5b80000 - 0x000001aaa5b84000 	C:\Program Files\Java\javafx-sdk-21.0.1\bin\api-ms-win-crt-string-l1-1-0.dll
0x000001aaa5b90000 - 0x000001aaa5b93000 	C:\Program Files\Java\javafx-sdk-21.0.1\bin\api-ms-win-crt-time-l1-1-0.dll
0x000001aaa5ba0000 - 0x000001aaa5ba3000 	C:\Program Files\Java\javafx-sdk-21.0.1\bin\api-ms-win-crt-utility-l1-1-0.dll
0x00007ffebb7c0000 - 0x00007ffebb8bc000 	C:\Program Files\Java\javafx-sdk-21.0.1\bin\ucrtbase.dll
0x00007ffed4320000 - 0x00007ffed433b000 	C:\Program Files\Java\javafx-sdk-21.0.1\bin\vcruntime140.dll
0x00007ffee9030000 - 0x00007ffee903c000 	C:\Program Files\Java\javafx-sdk-21.0.1\bin\vcruntime140_1.dll
0x00007ffebbca0000 - 0x00007ffebbd2e000 	C:\Program Files\Java\javafx-sdk-21.0.1\bin\msvcp140.dll
0x00007ffeef760000 - 0x00007ffeef900000 	C:\Windows\System32\ole32.dll
0x00007ffed4e80000 - 0x00007ffed4e89000 	C:\Program Files\Java\javafx-sdk-21.0.1\bin\msvcp140_1.dll
0x00007ffed32d0000 - 0x00007ffed32ff000 	C:\Program Files\Java\javafx-sdk-21.0.1\bin\msvcp140_2.dll
0x00007ffec4860000 - 0x00007ffec488f000 	C:\Program Files\Java\javafx-sdk-21.0.1\bin\prism_d3d.dll
0x00007ffed6f50000 - 0x00007ffed70f9000 	C:\Windows\system32\d3d9.dll
0x00007ffeeac30000 - 0x00007ffeeac5b000 	C:\Windows\SYSTEM32\dwmapi.dll
0x00007ffeeaae0000 - 0x00007ffeeab16000 	C:\Windows\SYSTEM32\dxcore.dll
0x00007ffeea9b0000 - 0x00007ffeeaa5b000 	C:\Windows\system32\uxtheme.dll
0x00007ffeb4d20000 - 0x00007ffeb4eca000 	C:\Windows\System32\DriverStore\FileRepository\iigd_dch.inf_amd64_269da44064f4461c\igdumdim64.dll
0x00007ffe5b010000 - 0x00007ffe5ec37000 	C:\Windows\System32\DriverStore\FileRepository\iigd_dch.inf_amd64_269da44064f4461c\igd9dxva64.dll
0x00007ffeefc80000 - 0x00007ffef00f4000 	C:\Windows\System32\SETUPAPI.dll
0x00007ffeed5d0000 - 0x00007ffeed61e000 	C:\Windows\SYSTEM32\cfgmgr32.dll
0x00007ffee3c40000 - 0x00007ffee4029000 	C:\Windows\System32\DriverStore\FileRepository\iigd_dch.inf_amd64_269da44064f4461c\igdgmm64.dll
0x00007ffee8700000 - 0x00007ffee874a000 	C:\Windows\SYSTEM32\directxdatabasehelper.dll
0x00007ffebe870000 - 0x00007ffebe8b2000 	C:\Program Files\Java\javafx-sdk-21.0.1\bin\glass.dll
0x00007ffef02c0000 - 0x00007ffef03b9000 	C:\Windows\System32\COMDLG32.dll
0x00007ffeee750000 - 0x00007ffeee8a0000 	C:\Windows\System32\MSCTF.dll
0x00007ffecbfa0000 - 0x00007ffecbfc7000 	C:\Windows\System32\DriverStore\FileRepository\iigd_dch.inf_amd64_269da44064f4461c\igdinfo64.dll
0x00007ffee0220000 - 0x00007ffee382f000 	C:\Windows\System32\DriverStore\FileRepository\iigd_dch.inf_amd64_269da44064f4461c\igc64.dll
0x00007ffed25a0000 - 0x00007ffed25b4000 	C:\Program Files\Java\javafx-sdk-21.0.1\bin\javafx_font.dll
0x00007ffee9190000 - 0x00007ffee9403000 	C:\Windows\SYSTEM32\dwrite.dll
0x00007ffef0180000 - 0x00007ffef0230000 	C:\Windows\System32\clbcatq.dll
0x00007ffee8a70000 - 0x00007ffee8c20000 	C:\Windows\SYSTEM32\WindowsCodecs.dll
0x00007ffeb7c70000 - 0x00007ffeb7cce000 	C:\Windows\system32\dataexchange.dll
0x00007ffee66f0000 - 0x00007ffee6975000 	C:\Windows\system32\twinapi.appcore.dll
0x00007ffebd460000 - 0x00007ffebd492000 	C:\Program Files\Common Files\Microsoft Shared\Ink\rtscom.dll
0x00007ffedba40000 - 0x00007ffedbb8a000 	C:\Windows\SYSTEM32\textinputframework.dll
0x00007ffeea420000 - 0x00007ffeea553000 	C:\Windows\SYSTEM32\CoreMessaging.dll
0x00007ffee7b10000 - 0x00007ffee7e7c000 	C:\Windows\SYSTEM32\CoreUIComponents.dll
0x00007ffeed050000 - 0x00007ffeed05c000 	C:\Windows\SYSTEM32\CRYPTBASE.DLL

dbghelp: loaded successfully - version: 4.0.5 - missing functions: none
symbol engine: initialized successfully - sym options: 0x614 - pdb path: .;C:\Program Files\Java\jdk-21\bin;C:\Windows\SYSTEM32;C:\Windows\WinSxS\amd64_microsoft.windows.common-controls_6595b64144ccf1df_6.0.22621.2506_none_270c5ae97388e100;C:\Program Files\Java\jdk-21\bin\server;C:\Program Files\Java\javafx-sdk-21.0.1\bin;C:\Windows\System32\DriverStore\FileRepository\iigd_dch.inf_amd64_269da44064f4461c;C:\Program Files\Common Files\Microsoft Shared\Ink

VM Arguments:
jvm_args: --module-path=C:\Program Files\Java\javafx-sdk-21.0.1 --add-modules=javafx.controls,javafx.fxml -Dfile.encoding=UTF-8 -Dstdout.encoding=UTF-8 -Dstderr.encoding=UTF-8 --module-path=C:\Program Files\Java\javafx-sdk-21.0.1\lib\javafx-swt.jar;C:\Program Files\Java\javafx-sdk-21.0.1\lib\javafx.base.jar;C:\Program Files\Java\javafx-sdk-21.0.1\lib\javafx.controls.jar;C:\Program Files\Java\javafx-sdk-21.0.1\lib\javafx.fxml.jar;C:\Program Files\Java\javafx-sdk-21.0.1\lib\javafx.graphics.jar;C:\Program Files\Java\javafx-sdk-21.0.1\lib\javafx.media.jar;C:\Program Files\Java\javafx-sdk-21.0.1\lib\javafx.swing.jar;C:\Program Files\Java\javafx-sdk-21.0.1\lib\javafx.web.jar;C:\Users\ASUS\.p2\pool\plugins\org.eclipse.fx.ide.css.jfx8_3.10.0.202303150700.jar -XX:+ShowCodeDetailsInExceptionMessages 
java_command: application.Main
java_class_path (initial): C:\Users\ASUS\eclipse-workspace\Transport\bin
Launcher Type: SUN_STANDARD

[Global flags]
     intx CICompilerCount                          = 2                                         {product} {ergonomic}
     uint ConcGCThreads                            = 1                                         {product} {ergonomic}
     uint G1ConcRefinementThreads                  = 2                                         {product} {ergonomic}
   size_t G1HeapRegionSize                         = 1048576                                   {product} {ergonomic}
    uintx GCDrainStackTargetSize                   = 64                                        {product} {ergonomic}
   size_t InitialHeapSize                          = 65011712                                  {product} {ergonomic}
   size_t MarkStackSize                            = 4194304                                   {product} {ergonomic}
   size_t MaxHeapSize                              = 1027604480                                {product} {ergonomic}
   size_t MaxNewSize                               = 616562688                                 {product} {ergonomic}
   size_t MinHeapDeltaBytes                        = 1048576                                   {product} {ergonomic}
   size_t MinHeapSize                              = 8388608                                   {product} {ergonomic}
    uintx NonNMethodCodeHeapSize                   = 5826188                                {pd product} {ergonomic}
    uintx NonProfiledCodeHeapSize                  = 122916026                              {pd product} {ergonomic}
    uintx ProfiledCodeHeapSize                     = 122916026                              {pd product} {ergonomic}
    uintx ReservedCodeCacheSize                    = 251658240                              {pd product} {ergonomic}
     bool SegmentedCodeCache                       = true                                      {product} {ergonomic}
     bool ShowCodeDetailsInExceptionMessages       = true                                   {manageable} {command line}
   size_t SoftMaxHeapSize                          = 1027604480                             {manageable} {ergonomic}
     bool UseCompressedOops                        = true                           {product lp64_product} {ergonomic}
     bool UseG1GC                                  = true                                      {product} {ergonomic}
     bool UseLargePagesIndividualAllocation        = false                                  {pd product} {ergonomic}

Logging:
Log output configuration:
 #0: stdout all=warning uptime,level,tags foldmultilines=false
 #1: stderr all=off uptime,level,tags foldmultilines=false

Environment Variables:
JAVA_HOME=C:\Program Files\Java\jdk-21
PATH=C:/Program Files/Zulu/zulu-17/bin/server;C:/Program Files/Zulu/zulu-17/bin;C:\Program Files\Zulu\zulu-17\bin\;C:\Program Files\Zulu\zulu-21\bin\;C:\Program Files\Common Files\Oracle\Java\javapath;C:\Python311\Scripts\;C:\Python311\;C:\app\ASUS\product\21c\dbhomeXE\bin;C:\Windows\system32;C:\Windows;C:\Windows\System32\Wbem;C:\Windows\System32\WindowsPowerShell\v1.0\;C:\Windows\System32\OpenSSH\;C:\msys64\mingw64\bin;C:\Program Files\nodejs\;C:\ProgramData\chocolatey\bin;C:\Program Files\Java\jdk-21\bin;C:\Program Files\Common Files\Oracle\Java\javapath;C:\Program Files\dotnet\;C:\Program Files\PowerShell\7\;C:\Program Files\Git\cmd;C:\Program Files (x86)\Inno Setup 6;C:\Program Files (x86)\WiX Toolset v3.14\bin;C:\Program Files\apache-ant-1.9.16\bin;C:\Users\ASUS\AppData\Local\Microsoft\WindowsApps;C:\Users\ASUS\AppData\Local\Programs\Microsoft VS Code\bin;C:\Users\ASUS\AppData\Local\atom\bin;C:\Users\ASUS\AppData\Roaming\npm;C:\Users\ASUS\AppData\Local\GitHubDesktop\bin;C:\Users\ASUS\Desktop;
USERNAME=ASUS
OS=Windows_NT
PROCESSOR_IDENTIFIER=Intel64 Family 6 Model 122 Stepping 8, GenuineIntel
TMP=C:\Users\ASUS\AppData\Local\Temp
TEMP=C:\Users\ASUS\AppData\Local\Temp




Periodic native trim disabled

---------------  S Y S T E M  ---------------

OS:
 Windows 11 , 64 bit Build 22621 (10.0.22621.2506)
OS uptime: 2 days 8:25 hours
Hyper-V role detected

CPU: total 2 (initial active 2) (2 cores per cpu, 1 threads per core) family 6 model 122 stepping 8 microcode 0x1c, cx8, cmov, fxsr, mmx, 3dnowpref, sse, sse2, sse3, ssse3, sse4.1, sse4.2, popcnt, tsc, tscinvbit, aes, erms, clmul, sha, clflush, clflushopt, hv, rdtscp, rdpid
Processor Information for all 2 processors :
  Max Mhz: 1101, Current Mhz: 1101, Mhz Limit: 1101

Memory: 4k page, system-wide physical 3918M (416M free)
TotalPageFile size 15694M (AvailPageFile size 3M)
current process WorkingSet (physical memory assigned to process): 187M, peak: 201M
current process commit charge ("private bytes"): 219M, peak: 234M

vm_info: Java HotSpot(TM) 64-Bit Server VM (21.0.1+12-LTS-29) for windows-amd64 JRE (21.0.1+12-LTS-29), built on 2023-10-05T13:27:09Z by "mach5one" with MS VC++ 17.1 (VS2022)

END.
